#
# There is insufficient memory for the Java Runtime Environment to continue.
# Native memory allocation (mmap) failed to map 152043520 bytes for committing reserved memory.
# Possible reasons:
#   The system is out of physical RAM or swap space
#   In 32 bit mode, the process size limit was hit
# Possible solutions:
#   Reduce memory load on the system
#   Increase physical memory or swap space
#   Check if swap backing store is full
#   Use 64 bit Java on a 64 bit OS
#   Decrease Java heap size (-Xmx/-Xms)
#   Decrease number of Java threads
#   Decrease Java thread stack sizes (-Xss)
#   Set larger code cache with -XX:ReservedCodeCacheSize=
# This output file may be truncated or incomplete.
#
#  Out of Memory Error (os_linux.cpp:2627), pid=4349, tid=140211804653312
#
# JRE version: Java(TM) SE Runtime Environment (8.0_60-b27) (build 1.8.0_60-b27)
# Java VM: Java HotSpot(TM) 64-Bit Server VM (25.60-b23 mixed mode linux-amd64 compressed oops)
# Core dump written. Default location: /home/tsagrista/git/gaiasky/html/core or core.4349
#

---------------  T H R E A D  ---------------

Current thread (0x00007f85b8078000):  VMThread [stack: 0x00007f859abf4000,0x00007f859acf5000] [id=4359]

Stack: [0x00007f859abf4000,0x00007f859acf5000],  sp=0x00007f859acf3320,  free space=1020k
Native frames: (J=compiled Java code, j=interpreted, Vv=VM code, C=native code)
V  [libjvm.so+0xab97ea]  VMError::report_and_die()+0x2ba
V  [libjvm.so+0x4f9dab]  report_vm_out_of_memory(char const*, int, unsigned long, VMErrorType, char const*)+0x8b
V  [libjvm.so+0x91a7c3]  os::Linux::commit_memory_impl(char*, unsigned long, bool)+0x103
V  [libjvm.so+0x91ad19]  os::pd_commit_memory(char*, unsigned long, unsigned long, bool)+0x29
V  [libjvm.so+0x91502a]  os::commit_memory(char*, unsigned long, unsigned long, bool)+0x2a
V  [libjvm.so+0x9886d3]  PSVirtualSpace::expand_by(unsigned long)+0x53
V  [libjvm.so+0x978fc0]  PSOldGen::expand(unsigned long)+0x170
V  [libjvm.so+0x9791cb]  PSOldGen::resize(unsigned long)+0x1cb
V  [libjvm.so+0x980ea1]  PSParallelCompact::invoke_no_policy(bool)+0x991
V  [libjvm.so+0x9867fd]  PSScavenge::invoke()+0x1ad
V  [libjvm.so+0x93e430]  ParallelScavengeHeap::failed_mem_allocate(unsigned long)+0x70
V  [libjvm.so+0xabb207]  VM_ParallelGCFailedAllocation::doit()+0x97
V  [libjvm.so+0xac2c35]  VM_Operation::evaluate()+0x55
V  [libjvm.so+0xac100a]  VMThread::evaluate_operation(VM_Operation*)+0xba
V  [libjvm.so+0xac138e]  VMThread::loop()+0x1ce
V  [libjvm.so+0xac1800]  VMThread::run()+0x70
V  [libjvm.so+0x91cb88]  java_start(Thread*)+0x108

VM_Operation (0x00007f855aaa3820): ParallelGCFailedAllocation, mode: safepoint, requested by thread 0x00007f8538157800


---------------  P R O C E S S  ---------------

Java Threads: ( => current thread )
  0x00007f8538157800 JavaThread "jscompiler" [_thread_blocked, id=4571, stack(0x00007f855a8a5000,0x00007f855aaa6000)]
  0x00007f85380ce800 JavaThread "jscompiler" [_thread_blocked, id=4486, stack(0x00007f855aea6000,0x00007f855b0a7000)]
  0x00007f85b87ab800 JavaThread "External worker unconnected" [_thread_in_native, id=4453, stack(0x00007f855b2a7000,0x00007f855b3a8000)]
  0x00007f85b87a9800 JavaThread "External worker unconnected" [_thread_in_native, id=4450, stack(0x00007f855b3a8000,0x00007f855b4a9000)]
  0x00007f85b87a8000 JavaThread "External worker unconnected" [_thread_blocked, id=4439, stack(0x00007f855b6a9000,0x00007f855b7aa000)]
  0x00007f85b87a6000 JavaThread "In-process PermutationWorker 0" [_thread_blocked, id=4438, stack(0x00007f855b7aa000,0x00007f855b8ab000)]
  0x00007f85b87a4000 JavaThread "Thread-23" [_thread_in_native, id=4437, stack(0x00007f855b8ab000,0x00007f855b9ac000)]
  0x00007f85b87a2000 JavaThread "Thread-22" [_thread_in_native, id=4436, stack(0x00007f855b9ac000,0x00007f855baad000)]
  0x00007f85b87a0800 JavaThread "process reaper" daemon [_thread_in_native, id=4434, stack(0x00007f855baad000,0x00007f855bae6000)]
  0x00007f85b879e800 JavaThread "Thread-20" [_thread_in_native, id=4432, stack(0x00007f855bae6000,0x00007f855bbe7000)]
  0x00007f85b879d000 JavaThread "Thread-19" [_thread_in_native, id=4431, stack(0x00007f855bbe7000,0x00007f855bce8000)]
  0x00007f85b879b800 JavaThread "process reaper" daemon [_thread_in_native, id=4425, stack(0x00007f8598023000,0x00007f859805c000)]
  0x00007f85b8799000 JavaThread "Thread-17" [_thread_in_native, id=4423, stack(0x00007f855bce8000,0x00007f855bde9000)]
  0x00007f85b8798000 JavaThread "Thread-16" [_thread_in_native, id=4422, stack(0x00007f8598295000,0x00007f8598396000)]
  0x00007f85b8796800 JavaThread "process reaper" daemon [_thread_in_native, id=4421, stack(0x00007f859805c000,0x00007f8598095000)]
  0x00007f85b853f800 JavaThread "pool-1-thread-1" [_thread_blocked, id=4377, stack(0x00007f8599d82000,0x00007f8599e83000)]
  0x00007f856403b000 JavaThread "Timer-0" daemon [_thread_blocked, id=4369, stack(0x00007f8599c7c000,0x00007f8599d7d000)]
  0x00007f85b80cb000 JavaThread "Service Thread" daemon [_thread_blocked, id=4366, stack(0x00007f859a355000,0x00007f859a456000)]
  0x00007f85b80bd800 JavaThread "C1 CompilerThread2" daemon [_thread_blocked, id=4365, stack(0x00007f859a456000,0x00007f859a557000)]
  0x00007f85b80bc000 JavaThread "C2 CompilerThread1" daemon [_thread_blocked, id=4364, stack(0x00007f859a557000,0x00007f859a658000)]
  0x00007f85b80b9000 JavaThread "C2 CompilerThread0" daemon [_thread_blocked, id=4363, stack(0x00007f859a658000,0x00007f859a759000)]
  0x00007f85b80b7800 JavaThread "Signal Dispatcher" daemon [_thread_blocked, id=4362, stack(0x00007f859a759000,0x00007f859a85a000)]
  0x00007f85b807f800 JavaThread "Finalizer" daemon [_thread_blocked, id=4361, stack(0x00007f859a9f2000,0x00007f859aaf3000)]
  0x00007f85b807d800 JavaThread "Reference Handler" daemon [_thread_blocked, id=4360, stack(0x00007f859aaf3000,0x00007f859abf4000)]
  0x00007f85b800a000 JavaThread "main" [_thread_blocked, id=4351, stack(0x00007f85bf1fe000,0x00007f85bf2ff000)]

Other Threads:
=>0x00007f85b8078000 VMThread [stack: 0x00007f859abf4000,0x00007f859acf5000] [id=4359]
  0x00007f85b80cd800 WatcherThread [stack: 0x00007f859a254000,0x00007f859a355000] [id=4367]

VM state:at safepoint (normal execution)

VM Mutex/Monitor currently owned by a thread:  ([mutex/lock_event])
[0x00007f85b8007960] ExpandHeap_lock - owner thread: 0x00007f85b8078000
[0x00007f85b8007fe0] Threads_lock - owner thread: 0x00007f85b8078000
[0x00007f85b80084e0] Heap_lock - owner thread: 0x00007f8538157800

Heap:
 PSYoungGen      total 617472K, used 0K [0x00000000d5580000, 0x0000000100000000, 0x0000000100000000)
  eden space 536064K, 0% used [0x00000000d5580000,0x00000000d5580000,0x00000000f6100000)
  from space 81408K, 0% used [0x00000000f6100000,0x00000000f6100000,0x00000000fb080000)
  to   space 77824K, 0% used [0x00000000fb400000,0x00000000fb400000,0x0000000100000000)
 ParOldGen       total 834048K, used 310084K [0x0000000080000000, 0x00000000b2e80000, 0x00000000d5580000)
  object space 834048K, 37% used [0x0000000080000000,0x0000000092ed1390,0x00000000b2e80000)
 Metaspace       used 37823K, capacity 38778K, committed 39040K, reserved 1085440K
  class space    used 3737K, capacity 3933K, committed 3968K, reserved 1048576K

Card table byte_map: [0x00007f85bc1f9000,0x00007f85bc5fa000] byte_map_base: 0x00007f85bbdf9000

Marking Bits: (ParMarkBitMap*) 0x00007f85be6ddde0
 Begin Bits: [0x00007f85a0000000, 0x00007f85a2000000)
 End Bits:   [0x00007f85a2000000, 0x00007f85a4000000)

Polling page: 0x00007f85bf1fd000

CodeCache: size=245760Kb used=45876Kb max_used=46089Kb free=199883Kb
 bounds [0x00007f85a9000000, 0x00007f85abd90000, 0x00007f85b8000000]
 total_blobs=12693 nmethods=12270 adapters=331
 compilation: enabled

Compilation events (10 events):
Event: 515.684 Thread 0x00007f85b80b9000 20269       4       com.google.gwt.thirdparty.javascript.jscomp.NodeTraversal::traverse (16 bytes)
Event: 515.691 Thread 0x00007f85b80bc000 20270       4       com.google.gwt.thirdparty.javascript.jscomp.ControlFlowAnalysis::handleIf (67 bytes)
Event: 515.700 Thread 0x00007f85b80bd800 20272       3       com.google.gwt.thirdparty.javascript.jscomp.ControlFlowAnalysis::handleBreak (202 bytes)
Event: 515.702 Thread 0x00007f85b80bd800 nmethod 20272 0x00007f85abb37210 code [0x00007f85abb376a0, 0x00007f85abb3a968]
Event: 515.713 Thread 0x00007f85b80b9000 nmethod 20269 0x00007f85aae1c910 code [0x00007f85aae1cb60, 0x00007f85aae1d998]
Event: 515.713 Thread 0x00007f85b80b9000 20271   !   4       com.google.gwt.thirdparty.javascript.jscomp.NodeTraversal::traverse (44 bytes)
Event: 515.721 Thread 0x00007f85b80bc000 nmethod 20270 0x00007f85ab566c10 code [0x00007f85ab567160, 0x00007f85ab567e30]
Event: 515.721 Thread 0x00007f85b80bc000 20273       4       com.google.gwt.thirdparty.javascript.jscomp.ControlFlowAnalysis::handleCase (120 bytes)
Event: 515.742 Thread 0x00007f85b80bc000 nmethod 20273 0x00007f85a93e79d0 code [0x00007f85a93e7ce0, 0x00007f85a93e87a0]
Event: 515.743 Thread 0x00007f85b80b9000 nmethod 20271 0x00007f85ab9edb90 code [0x00007f85ab9eddc0, 0x00007f85ab9ee6e8]

GC Heap History (10 events):
Event: 507.605 GC heap after
Heap after GC invocations=87 (full 2):
 PSYoungGen      total 611328K, used 25798K [0x00000000d5580000, 0x00000000ffb80000, 0x0000000100000000)
  eden space 542208K, 0% used [0x00000000d5580000,0x00000000d5580000,0x00000000f6700000)
  from space 69120K, 37% used [0x00000000f6700000,0x00000000f8031b60,0x00000000faa80000)
  to   space 69120K, 0% used [0x00000000fb800000,0x00000000fb800000,0x00000000ffb80000)
 ParOldGen       total 834048K, used 658927K [0x0000000080000000, 0x00000000b2e80000, 0x00000000d5580000)
  object space 834048K, 79% used [0x0000000080000000,0x00000000a837be40,0x00000000b2e80000)
 Metaspace       used 37769K, capacity 38714K, committed 38784K, reserved 1083392K
  class space    used 3737K, capacity 3933K, committed 3968K, reserved 1048576K
}
Event: 509.287 GC heap before
{Heap before GC invocations=88 (full 2):
 PSYoungGen      total 611328K, used 568006K [0x00000000d5580000, 0x00000000ffb80000, 0x0000000100000000)
  eden space 542208K, 100% used [0x00000000d5580000,0x00000000f6700000,0x00000000f6700000)
  from space 69120K, 37% used [0x00000000f6700000,0x00000000f8031b60,0x00000000faa80000)
  to   space 69120K, 0% used [0x00000000fb800000,0x00000000fb800000,0x00000000ffb80000)
 ParOldGen       total 834048K, used 658927K [0x0000000080000000, 0x00000000b2e80000, 0x00000000d5580000)
  object space 834048K, 79% used [0x0000000080000000,0x00000000a837be40,0x00000000b2e80000)
 Metaspace       used 37784K, capacity 38714K, committed 38784K, reserved 1083392K
  class space    used 3737K, capacity 3933K, committed 3968K, reserved 1048576K
Event: 509.408 GC heap after
Heap after GC invocations=88 (full 2):
 PSYoungGen      total 621568K, used 37040K [0x00000000d5580000, 0x0000000100000000, 0x0000000100000000)
  eden space 552448K, 0% used [0x00000000d5580000,0x00000000d5580000,0x00000000f7100000)
  from space 69120K, 53% used [0x00000000fb800000,0x00000000fdc2c098,0x00000000ffb80000)
  to   space 72704K, 0% used [0x00000000f7100000,0x00000000f7100000,0x00000000fb800000)
 ParOldGen       total 834048K, used 682873K [0x0000000080000000, 0x00000000b2e80000, 0x00000000d5580000)
  object space 834048K, 81% used [0x0000000080000000,0x00000000a9ade4d0,0x00000000b2e80000)
 Metaspace       used 37784K, capacity 38714K, committed 38784K, reserved 1083392K
  class space    used 3737K, capacity 3933K, committed 3968K, reserved 1048576K
}
Event: 511.400 GC heap before
{Heap before GC invocations=89 (full 2):
 PSYoungGen      total 621568K, used 589488K [0x00000000d5580000, 0x0000000100000000, 0x0000000100000000)
  eden space 552448K, 100% used [0x00000000d5580000,0x00000000f7100000,0x00000000f7100000)
  from space 69120K, 53% used [0x00000000fb800000,0x00000000fdc2c098,0x00000000ffb80000)
  to   space 72704K, 0% used [0x00000000f7100000,0x00000000f7100000,0x00000000fb800000)
 ParOldGen       total 834048K, used 682873K [0x0000000080000000, 0x00000000b2e80000, 0x00000000d5580000)
  object space 834048K, 81% used [0x0000000080000000,0x00000000a9ade4d0,0x00000000b2e80000)
 Metaspace       used 37785K, capacity 38714K, committed 38784K, reserved 1083392K
  class space    used 3737K, capacity 3933K, committed 3968K, reserved 1048576K
Event: 511.499 GC heap after
Heap after GC invocations=89 (full 2):
 PSYoungGen      total 625152K, used 3136K [0x00000000d5580000, 0x00000000ffb80000, 0x0000000100000000)
  eden space 552448K, 0% used [0x00000000d5580000,0x00000000d5580000,0x00000000f7100000)
  from space 72704K, 4% used [0x00000000f7100000,0x00000000f7410020,0x00000000fb800000)
  to   space 68608K, 0% used [0x00000000fb880000,0x00000000fb880000,0x00000000ffb80000)
 ParOldGen       total 834048K, used 716724K [0x0000000080000000, 0x00000000b2e80000, 0x00000000d5580000)
  object space 834048K, 85% used [0x0000000080000000,0x00000000abbed0b8,0x00000000b2e80000)
 Metaspace       used 37785K, capacity 38714K, committed 38784K, reserved 1083392K
  class space    used 3737K, capacity 3933K, committed 3968K, reserved 1048576K
}
Event: 512.885 GC heap before
{Heap before GC invocations=90 (full 2):
 PSYoungGen      total 625152K, used 555584K [0x00000000d5580000, 0x00000000ffb80000, 0x0000000100000000)
  eden space 552448K, 100% used [0x00000000d5580000,0x00000000f7100000,0x00000000f7100000)
  from space 72704K, 4% used [0x00000000f7100000,0x00000000f7410020,0x00000000fb800000)
  to   space 68608K, 0% used [0x00000000fb880000,0x00000000fb880000,0x00000000ffb80000)
 ParOldGen       total 834048K, used 716724K [0x0000000080000000, 0x00000000b2e80000, 0x00000000d5580000)
  object space 834048K, 85% used [0x0000000080000000,0x00000000abbed0b8,0x00000000b2e80000)
 Metaspace       used 37798K, capacity 38714K, committed 38784K, reserved 1083392K
  class space    used 3737K, capacity 3933K, committed 3968K, reserved 1048576K
Event: 512.980 GC heap after
Heap after GC invocations=90 (full 2):
 PSYoungGen      total 604672K, used 61984K [0x00000000d5580000, 0x0000000100000000, 0x0000000100000000)
  eden space 536064K, 0% used [0x00000000d5580000,0x00000000d5580000,0x00000000f6100000)
  from space 68608K, 90% used [0x00000000fb880000,0x00000000ff508020,0x00000000ffb80000)
  to   space 81408K, 0% used [0x00000000f6100000,0x00000000f6100000,0x00000000fb080000)
 ParOldGen       total 834048K, used 718988K [0x0000000080000000, 0x00000000b2e80000, 0x00000000d5580000)
  object space 834048K, 86% used [0x0000000080000000,0x00000000abe230b8,0x00000000b2e80000)
 Metaspace       used 37798K, capacity 38714K, committed 38784K, reserved 1083392K
  class space    used 3737K, capacity 3933K, committed 3968K, reserved 1048576K
}
Event: 515.784 GC heap before
{Heap before GC invocations=91 (full 2):
 PSYoungGen      total 604672K, used 598048K [0x00000000d5580000, 0x0000000100000000, 0x0000000100000000)
  eden space 536064K, 100% used [0x00000000d5580000,0x00000000f6100000,0x00000000f6100000)
  from space 68608K, 90% used [0x00000000fb880000,0x00000000ff508020,0x00000000ffb80000)
  to   space 81408K, 0% used [0x00000000f6100000,0x00000000f6100000,0x00000000fb080000)
 ParOldGen       total 834048K, used 718988K [0x0000000080000000, 0x00000000b2e80000, 0x00000000d5580000)
  object space 834048K, 86% used [0x0000000080000000,0x00000000abe230b8,0x00000000b2e80000)
 Metaspace       used 37823K, capacity 38778K, committed 39040K, reserved 1085440K
  class space    used 3737K, capacity 3933K, committed 3968K, reserved 1048576K
Event: 516.144 GC heap after
Heap after GC invocations=91 (full 2):
 PSYoungGen      total 617472K, used 25037K [0x00000000d5580000, 0x0000000100000000, 0x0000000100000000)
  eden space 536064K, 0% used [0x00000000d5580000,0x00000000d5580000,0x00000000f6100000)
  from space 81408K, 30% used [0x00000000f6100000,0x00000000f79737b0,0x00000000fb080000)
  to   space 77824K, 0% used [0x00000000fb400000,0x00000000fb400000,0x0000000100000000)
 ParOldGen       total 834048K, used 780417K [0x0000000080000000, 0x00000000b2e80000, 0x00000000d5580000)
  object space 834048K, 93% used [0x0000000080000000,0x00000000afa207a8,0x00000000b2e80000)
 Metaspace       used 37823K, capacity 38778K, committed 39040K, reserved 1085440K
  class space    used 3737K, capacity 3933K, committed 3968K, reserved 1048576K
}
Event: 516.185 GC heap before
{Heap before GC invocations=92 (full 3):
 PSYoungGen      total 617472K, used 25037K [0x00000000d5580000, 0x0000000100000000, 0x0000000100000000)
  eden space 536064K, 0% used [0x00000000d5580000,0x00000000d5580000,0x00000000f6100000)
  from space 81408K, 30% used [0x00000000f6100000,0x00000000f79737b0,0x00000000fb080000)
  to   space 77824K, 0% used [0x00000000fb400000,0x00000000fb400000,0x0000000100000000)
 ParOldGen       total 834048K, used 780417K [0x0000000080000000, 0x00000000b2e80000, 0x00000000d5580000)
  object space 834048K, 93% used [0x0000000080000000,0x00000000afa207a8,0x00000000b2e80000)
 Metaspace       used 37823K, capacity 38778K, committed 39040K, reserved 1085440K
  class space    used 3737K, capacity 3933K, committed 3968K, reserved 1048576K

Deoptimization events (10 events):
Event: 514.654 Thread 0x00007f8538157800 Uncommon trap: reason=unstable_if action=reinterpret pc=0x00007f85ab9f7888 method=com.google.gwt.thirdparty.javascript.jscomp.NodeTraversal.pushScope(Lcom/google/gwt/thirdparty/javascript/jscomp/Scope;)V @ 50
Event: 514.654 Thread 0x00007f8538157800 Uncommon trap: reason=bimorphic action=maybe_recompile pc=0x00007f85abcec484 method=com.google.gwt.thirdparty.javascript.jscomp.ReferenceCollectingCallback.exitScope(Lcom/google/gwt/thirdparty/javascript/jscomp/NodeTraversal;)V @ 71
Event: 514.654 Thread 0x00007f8538157800 Uncommon trap: reason=bimorphic action=maybe_recompile pc=0x00007f85abcec484 method=com.google.gwt.thirdparty.javascript.jscomp.ReferenceCollectingCallback.exitScope(Lcom/google/gwt/thirdparty/javascript/jscomp/NodeTraversal;)V @ 71
Event: 514.654 Thread 0x00007f8538157800 Uncommon trap: reason=bimorphic action=maybe_recompile pc=0x00007f85abcec484 method=com.google.gwt.thirdparty.javascript.jscomp.ReferenceCollectingCallback.exitScope(Lcom/google/gwt/thirdparty/javascript/jscomp/NodeTraversal;)V @ 71
Event: 515.101 Thread 0x00007f8538157800 Uncommon trap: reason=unstable_if action=reinterpret pc=0x00007f85abace7e0 method=com.google.gwt.thirdparty.javascript.jscomp.NodeUtil.evaluatesToLocalValue(Lcom/google/gwt/thirdparty/javascript/rhino/Node;Lcom/google/gwt/thirdparty/guava/common/base/Pred
Event: 515.117 Thread 0x00007f8538157800 Uncommon trap: reason=unstable_if action=reinterpret pc=0x00007f85ab279f18 method=com.google.gwt.thirdparty.javascript.jscomp.NodeUtil.functionCallHasSideEffects(Lcom/google/gwt/thirdparty/javascript/rhino/Node;Lcom/google/gwt/thirdparty/javascript/jscomp
Event: 515.312 Thread 0x00007f8538157800 Uncommon trap: reason=unstable_if action=reinterpret pc=0x00007f85ab620004 method=com.google.gwt.thirdparty.javascript.jscomp.PureFunctionIdentifier$SideEffectPropagationCallback.traverseEdge(Lcom/google/gwt/thirdparty/javascript/jscomp/PureFunctionIdenti
Event: 515.312 Thread 0x00007f8538157800 Uncommon trap: reason=unstable_if action=reinterpret pc=0x00007f85ab1ef9b4 method=com.google.gwt.thirdparty.javascript.jscomp.PureFunctionIdentifier$SideEffectPropagationCallback.traverseEdge(Lcom/google/gwt/thirdparty/javascript/jscomp/PureFunctionIdenti
Event: 515.411 Thread 0x00007f8538157800 Uncommon trap: reason=unstable_if action=reinterpret pc=0x00007f85ab64487c method=com.google.gwt.thirdparty.javascript.jscomp.PureFunctionIdentifier.markPureFunctionCalls()V @ 16
Event: 515.642 Thread 0x00007f8538157800 Uncommon trap: reason=unstable_if action=reinterpret pc=0x00007f85abc2d050 method=com.google.gwt.thirdparty.javascript.jscomp.NodeUtil.removeChild(Lcom/google/gwt/thirdparty/javascript/rhino/Node;Lcom/google/gwt/thirdparty/javascript/rhino/Node;)V @ 107

Internal exceptions (10 events):
Event: 488.430 Thread 0x00007f85b87a6000 Exception <a 'java/lang/NoSuchMethodError': <clinit>> (0x00000000ee511160) thrown at [/HUDSON/workspace/8-2-build-linux-amd64/jdk8u60/4407/hotspot/src/share/vm/prims/jni.cpp, line 1591]
Event: 505.453 Thread 0x00007f85b87a6000 Implicit null exception at 0x00007f85a96cb0cf to 0x00007f85a96cb205
Event: 505.453 Thread 0x00007f85b87a6000 Implicit null exception at 0x00007f85aac498d8 to 0x00007f85aac49a36
Event: 505.979 Thread 0x00007f85b87a6000 Implicit null exception at 0x00007f85ab10f379 to 0x00007f85ab113979
Event: 513.062 Thread 0x00007f8538157800 Implicit null exception at 0x00007f85aba3eac2 to 0x00007f85aba3f055
Event: 513.063 Thread 0x00007f8538157800 Implicit null exception at 0x00007f85ab72b2f0 to 0x00007f85ab72b615
Event: 513.072 Thread 0x00007f8538157800 Implicit null exception at 0x00007f85ab72ae13 to 0x00007f85ab72aea5
Event: 513.626 Thread 0x00007f8538157800 Implicit null exception at 0x00007f85ab520c98 to 0x00007f85ab521041
Event: 515.312 Thread 0x00007f8538157800 Implicit null exception at 0x00007f85ab61fbe7 to 0x00007f85ab61ffed
Event: 515.312 Thread 0x00007f8538157800 Implicit null exception at 0x00007f85ab1ef643 to 0x00007f85ab1ef991

Events (10 events):
Event: 515.312 Thread 0x00007f8538157800 DEOPT UNPACKING pc=0x00007f85a9005229 sp=0x00007f855aaa3db0 mode 2
Event: 515.338 Thread 0x00007f8538157800 DEOPT PACKING pc=0x00007f85aa6967d9 sp=0x00007f855aaa4050
Event: 515.338 Thread 0x00007f8538157800 DEOPT UNPACKING pc=0x00007f85a9047633 sp=0x00007f855aaa3de0 mode 0
Event: 515.411 Thread 0x00007f8538157800 Uncommon trap: trap_request=0xffffff65 fr.pc=0x00007f85ab64487c
Event: 515.411 Thread 0x00007f8538157800 DEOPT PACKING pc=0x00007f85ab64487c sp=0x00007f855aaa4030
Event: 515.411 Thread 0x00007f8538157800 DEOPT UNPACKING pc=0x00007f85a9005229 sp=0x00007f855aaa4068 mode 2
Event: 515.642 Thread 0x00007f8538157800 Uncommon trap: trap_request=0xffffff65 fr.pc=0x00007f85abc2d050
Event: 515.642 Thread 0x00007f8538157800 DEOPT PACKING pc=0x00007f85abc2d050 sp=0x00007f855aaa3b40
Event: 515.642 Thread 0x00007f8538157800 DEOPT UNPACKING pc=0x00007f85a9005229 sp=0x00007f855aaa3b10 mode 2
Event: 515.784 Executing VM operation: ParallelGCFailedAllocation


Dynamic libraries:
00400000-00401000 r-xp 00000000 08:03 7341236                            /home/tsagrista/Programs/Java/jdk1.8.0_60/bin/java
00600000-00601000 rw-p 00000000 08:03 7341236                            /home/tsagrista/Programs/Java/jdk1.8.0_60/bin/java
00a68000-00a89000 rw-p 00000000 00:00 0                                  [heap]
80000000-b2e80000 rw-p 00000000 00:00 0 
bbf80000-d5580000 ---p 00000000 00:00 0 
d5580000-100000000 rw-p 00000000 00:00 0 
100000000-1003e0000 rw-p 00000000 00:00 0 
1003e0000-140000000 ---p 00000000 00:00 0 
7f8524000000-7f8524021000 rw-p 00000000 00:00 0 
7f8524021000-7f8528000000 ---p 00000000 00:00 0 
7f8528000000-7f8528117000 rw-p 00000000 00:00 0 
7f8528117000-7f852c000000 ---p 00000000 00:00 0 
7f852c000000-7f852c021000 rw-p 00000000 00:00 0 
7f852c021000-7f8530000000 ---p 00000000 00:00 0 
7f8530000000-7f8530021000 rw-p 00000000 00:00 0 
7f8530021000-7f8534000000 ---p 00000000 00:00 0 
7f8534000000-7f8534021000 rw-p 00000000 00:00 0 
7f8534021000-7f8538000000 ---p 00000000 00:00 0 
7f8538000000-7f85381a7000 rw-p 00000000 00:00 0 
7f85381a7000-7f853c000000 ---p 00000000 00:00 0 
7f853c000000-7f853c021000 rw-p 00000000 00:00 0 
7f853c021000-7f8540000000 ---p 00000000 00:00 0 
7f8540000000-7f8540021000 rw-p 00000000 00:00 0 
7f8540021000-7f8544000000 ---p 00000000 00:00 0 
7f8544000000-7f8544021000 rw-p 00000000 00:00 0 
7f8544021000-7f8548000000 ---p 00000000 00:00 0 
7f8548000000-7f8548021000 rw-p 00000000 00:00 0 
7f8548021000-7f854c000000 ---p 00000000 00:00 0 
7f854c000000-7f854c021000 rw-p 00000000 00:00 0 
7f854c021000-7f8550000000 ---p 00000000 00:00 0 
7f8550000000-7f8550021000 rw-p 00000000 00:00 0 
7f8550021000-7f8554000000 ---p 00000000 00:00 0 
7f8554000000-7f8554021000 rw-p 00000000 00:00 0 
7f8554021000-7f8558000000 ---p 00000000 00:00 0 
7f855a6a5000-7f855a6e5000 rw-p 00000000 00:00 0 
7f855a6e5000-7f855a8a5000 ---p 00000000 00:00 0 
7f855a8a5000-7f855a8a8000 ---p 00000000 00:00 0 
7f855a8a8000-7f855aca6000 rw-p 00000000 00:00 0                          [stack:4571]
7f855aca6000-7f855aea6000 rw-p 00000000 00:00 0 
7f855aea6000-7f855aea9000 ---p 00000000 00:00 0 
7f855aea9000-7f855b2a7000 rw-p 00000000 00:00 0                          [stack:4486]
7f855b2a7000-7f855b2aa000 ---p 00000000 00:00 0 
7f855b2aa000-7f855b3a8000 rw-p 00000000 00:00 0                          [stack:4453]
7f855b3a8000-7f855b3ab000 ---p 00000000 00:00 0 
7f855b3ab000-7f855b6a9000 rw-p 00000000 00:00 0                          [stack:4450]
7f855b6a9000-7f855b6ac000 ---p 00000000 00:00 0 
7f855b6ac000-7f855b7aa000 rw-p 00000000 00:00 0                          [stack:4439]
7f855b7aa000-7f855b7ad000 ---p 00000000 00:00 0 
7f855b7ad000-7f855b8ab000 rw-p 00000000 00:00 0                          [stack:4438]
7f855b8ab000-7f855b8ae000 ---p 00000000 00:00 0 
7f855b8ae000-7f855b9ac000 rw-p 00000000 00:00 0                          [stack:4437]
7f855b9ac000-7f855b9af000 ---p 00000000 00:00 0 
7f855b9af000-7f855baad000 rw-p 00000000 00:00 0                          [stack:4436]
7f855baad000-7f855bab0000 ---p 00000000 00:00 0 
7f855bab0000-7f855bae6000 rw-p 00000000 00:00 0                          [stack:4434]
7f855bae6000-7f855bae9000 ---p 00000000 00:00 0 
7f855bae9000-7f855bbe7000 rw-p 00000000 00:00 0                          [stack:4432]
7f855bbe7000-7f855bbea000 ---p 00000000 00:00 0 
7f855bbea000-7f855bce8000 rw-p 00000000 00:00 0                          [stack:4431]
7f855bce8000-7f855bceb000 ---p 00000000 00:00 0 
7f855bceb000-7f855bde9000 rw-p 00000000 00:00 0                          [stack:4423]
7f855bde9000-7f855bdff000 r-xp 00000000 08:03 6167439                    /home/tsagrista/Programs/Java/jdk1.8.0_60/jre/lib/amd64/libnet.so
7f855bdff000-7f855bfff000 ---p 00016000 08:03 6167439                    /home/tsagrista/Programs/Java/jdk1.8.0_60/jre/lib/amd64/libnet.so
7f855bfff000-7f855c000000 rw-p 00016000 08:03 6167439                    /home/tsagrista/Programs/Java/jdk1.8.0_60/jre/lib/amd64/libnet.so
7f855c000000-7f855c1a4000 rw-p 00000000 00:00 0 
7f855c1a4000-7f8560000000 ---p 00000000 00:00 0 
7f8560000000-7f856002a000 rw-p 00000000 00:00 0 
7f856002a000-7f8564000000 ---p 00000000 00:00 0 
7f8564000000-7f85640dd000 rw-p 00000000 00:00 0 
7f85640dd000-7f8568000000 ---p 00000000 00:00 0 
7f8568000000-7f8568021000 rw-p 00000000 00:00 0 
7f8568021000-7f856c000000 ---p 00000000 00:00 0 
7f856c000000-7f856c021000 rw-p 00000000 00:00 0 
7f856c021000-7f8570000000 ---p 00000000 00:00 0 
7f8570000000-7f8570021000 rw-p 00000000 00:00 0 
7f8570021000-7f8574000000 ---p 00000000 00:00 0 
7f8574000000-7f8576428000 rw-p 00000000 00:00 0 
7f8576428000-7f8578000000 ---p 00000000 00:00 0 
7f8578000000-7f8579312000 rw-p 00000000 00:00 0 
7f8579312000-7f857c000000 ---p 00000000 00:00 0 
7f857c000000-7f857c021000 rw-p 00000000 00:00 0 
7f857c021000-7f8580000000 ---p 00000000 00:00 0 
7f8580000000-7f8582487000 rw-p 00000000 00:00 0 
7f8582487000-7f8584000000 ---p 00000000 00:00 0 
7f8584000000-7f8584021000 rw-p 00000000 00:00 0 
7f8584021000-7f8588000000 ---p 00000000 00:00 0 
7f8588000000-7f8588021000 rw-p 00000000 00:00 0 
7f8588021000-7f858c000000 ---p 00000000 00:00 0 
7f858c000000-7f858c0ce000 rw-p 00000000 00:00 0 
7f858c0ce000-7f8590000000 ---p 00000000 00:00 0 
7f8590000000-7f859046d000 rw-p 00000000 00:00 0 
7f859046d000-7f8594000000 ---p 00000000 00:00 0 
7f8594000000-7f8594047000 rw-p 00000000 00:00 0 
7f8594047000-7f8598000000 ---p 00000000 00:00 0 
7f8598023000-7f8598026000 ---p 00000000 00:00 0 
7f8598026000-7f859805c000 rw-p 00000000 00:00 0                          [stack:4425]
7f859805c000-7f859805f000 ---p 00000000 00:00 0 
7f859805f000-7f8598295000 rw-p 00000000 00:00 0                          [stack:4421]
7f8598295000-7f8598298000 ---p 00000000 00:00 0 
7f8598298000-7f8598596000 rw-p 00000000 00:00 0                          [stack:4422]
7f8598596000-7f8598796000 rw-p 00000000 00:00 0 
7f8598796000-7f8598996000 rw-p 00000000 00:00 0 
7f8598996000-7f8598b96000 rw-p 00000000 00:00 0 
7f8598b96000-7f8598ba9000 r--s 00344000 08:03 6047530                    /home/tsagrista/Programs/Java/jdk1.8.0_60/jre/lib/resources.jar
7f8598ba9000-7f8598da9000 rw-p 00000000 00:00 0 
7f8598da9000-7f8598fa9000 rw-p 00000000 00:00 0 
7f8598fa9000-7f8598faa000 r--p 00000000 08:03 656930                     /usr/share/locale/en_GB/LC_MESSAGES/libc.mo
7f8598faa000-7f8598fb0000 r--s 002f8000 08:03 6047511                    /home/tsagrista/Programs/Java/jdk1.8.0_60/jre/lib/charsets.jar
7f8598fb0000-7f8598fb7000 r-xp 00000000 08:03 6167407                    /home/tsagrista/Programs/Java/jdk1.8.0_60/jre/lib/amd64/libawt_headless.so
7f8598fb7000-7f85991b6000 ---p 00007000 08:03 6167407                    /home/tsagrista/Programs/Java/jdk1.8.0_60/jre/lib/amd64/libawt_headless.so
7f85991b6000-7f85991b7000 rw-p 00006000 08:03 6167407                    /home/tsagrista/Programs/Java/jdk1.8.0_60/jre/lib/amd64/libawt_headless.so
7f85991b7000-7f85993b7000 rw-p 00000000 00:00 0 
7f85993b7000-7f8599459000 r-xp 00000000 08:03 6167456                    /home/tsagrista/Programs/Java/jdk1.8.0_60/jre/lib/amd64/libawt.so
7f8599459000-7f8599659000 ---p 000a2000 08:03 6167456                    /home/tsagrista/Programs/Java/jdk1.8.0_60/jre/lib/amd64/libawt.so
7f8599659000-7f8599665000 rw-p 000a2000 08:03 6167456                    /home/tsagrista/Programs/Java/jdk1.8.0_60/jre/lib/amd64/libawt.so
7f8599665000-7f8599689000 rw-p 00000000 00:00 0 
7f8599689000-7f859968c000 ---p 00000000 00:00 0 
7f859968c000-7f859978a000 rw-p 00000000 00:00 0 
7f859978a000-7f8599792000 r-xp 00000000 08:03 6167425                    /home/tsagrista/Programs/Java/jdk1.8.0_60/jre/lib/amd64/libmanagement.so
7f8599792000-7f8599992000 ---p 00008000 08:03 6167425                    /home/tsagrista/Programs/Java/jdk1.8.0_60/jre/lib/amd64/libmanagement.so
7f8599992000-7f8599993000 rw-p 00008000 08:03 6167425                    /home/tsagrista/Programs/Java/jdk1.8.0_60/jre/lib/amd64/libmanagement.so
7f8599993000-7f8599997000 r--s 00095000 08:03 6047522                    /home/tsagrista/Programs/Java/jdk1.8.0_60/jre/lib/jsse.jar
7f8599997000-7f8599b97000 rw-p 00000000 00:00 0 
7f8599b97000-7f8599b99000 r--s 00001000 08:03 6822174                    /home/tsagrista/Programs/Java/jdk1.8.0_60/jre/lib/ext/dnsns.jar
7f8599b99000-7f8599bb3000 r--s 001d2000 08:03 6822169                    /home/tsagrista/Programs/Java/jdk1.8.0_60/jre/lib/ext/nashorn.jar
7f8599bb3000-7f8599bb4000 r--s 00010000 08:03 6822171                    /home/tsagrista/Programs/Java/jdk1.8.0_60/jre/lib/ext/zipfs.jar
7f8599bb4000-7f8599bb5000 r--s 0000a000 08:03 6822170                    /home/tsagrista/Programs/Java/jdk1.8.0_60/jre/lib/ext/jaccess.jar
7f8599bb5000-7f8599bbb000 r--s 0003f000 08:03 6822168                    /home/tsagrista/Programs/Java/jdk1.8.0_60/jre/lib/ext/sunjce_provider.jar
7f8599bbb000-7f8599bd7000 r--s 00393000 08:03 6822173                    /home/tsagrista/Programs/Java/jdk1.8.0_60/jre/lib/ext/cldrdata.jar
7f8599bd7000-7f8599bd8000 r--s 00009000 08:03 6822167                    /home/tsagrista/Programs/Java/jdk1.8.0_60/jre/lib/ext/sunec.jar
7f8599bd8000-7f8599bdc000 r--s 0003a000 08:03 6822175                    /home/tsagrista/Programs/Java/jdk1.8.0_60/jre/lib/ext/sunpkcs11.jar
7f8599bdc000-7f8599c72000 r--s 01107000 08:03 6822172                    /home/tsagrista/Programs/Java/jdk1.8.0_60/jre/lib/ext/jfxrt.jar
7f8599c72000-7f8599c7c000 r--s 00116000 08:03 6822166                    /home/tsagrista/Programs/Java/jdk1.8.0_60/jre/lib/ext/localedata.jar
7f8599c7c000-7f8599c7f000 ---p 00000000 00:00 0 
7f8599c7f000-7f8599d7d000 rw-p 00000000 00:00 0                          [stack:4369]
7f8599d7d000-7f8599d7f000 r--s 00006000 08:03 5898603                    /home/tsagrista/.gradle/caches/modules-2/files-2.1/org.ow2.asm/asm-tree/5.0.3/287749b48ba7162fb67c93a026d690b29f410bed/asm-tree-5.0.3.jar
7f8599d7f000-7f8599d81000 r--s 00009000 08:03 6689517                    /home/tsagrista/.gradle/caches/modules-2/files-2.1/org.ow2.asm/asm-commons/5.0.3/a7111830132c7f87d08fe48cb0ca07630f8cb91c/asm-commons-5.0.3.jar
7f8599d81000-7f8599d82000 r--s 0000a000 08:03 6689515                    /home/tsagrista/.gradle/caches/modules-2/files-2.1/org.ow2.asm/asm-util/5.0.3/1512e5571325854b05fb1efce1db75fcced54389/asm-util-5.0.3.jar
7f8599d82000-7f8599d85000 ---p 00000000 00:00 0 
7f8599d85000-7f8599ed3000 rw-p 00000000 00:00 0                          [stack:4377]
7f8599ed3000-7f859a0d1000 r--s 02283000 08:03 1466325                    /home/tsagrista/.gradle/caches/modules-2/files-2.1/com.google.gwt/gwt-dev/2.7.0/c2c3dd5baf648a0bb199047a818be5e560f48982/gwt-dev-2.7.0.jar
7f859a0d1000-7f859a0d5000 r--s 0002d000 08:03 1466323                    /home/tsagrista/.gradle/caches/modules-2/files-2.1/com.google.gwt/gwt-codeserver/2.7.0/74d5e4119d083f7ca97e3f01cbd666d025b314b3/gwt-codeserver-2.7.0.jar
7f859a0d5000-7f859a0d7000 r--s 0000e000 08:03 1466321                    /home/tsagrista/.gradle/caches/modules-2/files-2.1/javax.validation/validation-api/1.0.0.GA/7a561191db2203550fbfa40d534d4997624cd369/validation-api-1.0.0.GA-sources.jar
7f859a0d7000-7f859a0da000 r--s 00009000 08:03 1466319                    /home/tsagrista/.gradle/caches/modules-2/files-2.1/javax.validation/validation-api/1.0.0.GA/b6bd7f9d78f6fdaa3c37dae18a4bd298915f328e/validation-api-1.0.0.GA.jar
7f859a0da000-7f859a108000 rw-p 00000000 00:00 0 
7f859a108000-7f859a239000 r--s 01d5a000 08:03 1466317                    /home/tsagrista/.gradle/caches/modules-2/files-2.1/com.google.gwt/gwt-user/2.7.0/bdc7af42581745d3d79c2efe0b514f432b998a5b/gwt-user-2.7.0.jar
7f859a239000-7f859a254000 r--s 001a7000 08:03 5904698                    /home/tsagrista/.gradle/caches/modules-2/files-2.1/com.badlogicgames.gdx/gdx/1.9.2/e641cb91bec06bc64d9ddf7a7d7062caceec73cd/gdx-1.9.2.jar
7f859a254000-7f859a255000 ---p 00000000 00:00 0 
7f859a255000-7f859a355000 rw-p 00000000 00:00 0                          [stack:4367]
7f859a355000-7f859a358000 ---p 00000000 00:00 0 
7f859a358000-7f859a456000 rw-p 00000000 00:00 0                          [stack:4366]
7f859a456000-7f859a459000 ---p 00000000 00:00 0 
7f859a459000-7f859a557000 rw-p 00000000 00:00 0                          [stack:4365]
7f859a557000-7f859a55a000 ---p 00000000 00:00 0 
7f859a55a000-7f859a658000 rw-p 00000000 00:00 0                          [stack:4364]
7f859a658000-7f859a65b000 ---p 00000000 00:00 0 
7f859a65b000-7f859a759000 rw-p 00000000 00:00 0                          [stack:4363]
7f859a759000-7f859a75c000 ---p 00000000 00:00 0 
7f859a75c000-7f859a85a000 rw-p 00000000 00:00 0                          [stack:4362]
7f859a85a000-7f859a9f2000 r--p 00000000 08:03 293359                     /usr/lib/locale/locale-archive
7f859a9f2000-7f859a9f5000 ---p 00000000 00:00 0 
7f859a9f5000-7f859aaf3000 rw-p 00000000 00:00 0                          [stack:4361]
7f859aaf3000-7f859aaf6000 ---p 00000000 00:00 0 
7f859aaf6000-7f859abf4000 rw-p 00000000 00:00 0                          [stack:4360]
7f859abf4000-7f859abf5000 ---p 00000000 00:00 0 
7f859abf5000-7f859c000000 rw-p 00000000 00:00 0                          [stack:4359]
7f859c000000-7f859c142000 rw-p 00000000 00:00 0 
7f859c142000-7f85a0000000 ---p 00000000 00:00 0 
7f85a0000000-7f85a4000000 rw-p 00000000 00:00 0 
7f85a4000000-7f85a4021000 rw-p 00000000 00:00 0 
7f85a4021000-7f85a8000000 ---p 00000000 00:00 0 
7f85a8000000-7f85a8002000 r--s 00009000 08:03 5898786                    /home/tsagrista/.gradle/caches/modules-2/files-2.1/org.hamcrest/hamcrest-core/1.3/42a25dc3219429f0e5d060061f71acb49bf010a0/hamcrest-core-1.3.jar
7f85a8002000-7f85a800a000 r--s 00045000 08:03 5898784                    /home/tsagrista/.gradle/caches/modules-2/files-2.1/junit/junit/4.12/2973d150c0dc1fefe998f834810d68f278ea58ec/junit-4.12.jar
7f85a800a000-7f85a8019000 r--s 0011f000 08:03 5905987                    /home/tsagrista/.gradle/caches/modules-2/files-2.1/com.badlogicgames.gdx/gdx/1.9.2/b6c7422c6740f86a9a84fdcbc4c62a1f46db317d/gdx-1.9.2-sources.jar
7f85a8019000-7f85a8022000 r--s 00060000 08:03 1059735                    /home/tsagrista/.gradle/caches/modules-2/files-2.1/com.badlogicgames.gdx/gdx-backend-gwt/1.9.2/16a698614e134d1071be093302c8537ff1dc8d65/gdx-backend-gwt-1.9.2-sources.jar
7f85a8022000-7f85a8034000 r--s 00116000 08:03 5769607                    /home/tsagrista/git/gaiasky/core/build/libs/core-1.0.jar
7f85a8034000-7f85a847a000 rw-p 00000000 00:00 0 
7f85a847a000-7f85a8652000 r--s 03d17000 08:03 6047519                    /home/tsagrista/Programs/Java/jdk1.8.0_60/jre/lib/rt.jar
7f85a8652000-7f85a8a52000 rw-p 00000000 00:00 0 
7f85a8a52000-7f85a8a53000 ---p 00000000 00:00 0 
7f85a8a53000-7f85a8b53000 rw-p 00000000 00:00 0                          [stack:4358]
7f85a8b53000-7f85a8b54000 ---p 00000000 00:00 0 
7f85a8b54000-7f85a8c54000 rw-p 00000000 00:00 0                          [stack:4357]
7f85a8c54000-7f85a8c55000 ---p 00000000 00:00 0 
7f85a8c55000-7f85a8eed000 rw-p 00000000 00:00 0                          [stack:4356]
7f85a8eed000-7f85a9000000 ---p 00000000 00:00 0 
7f85a9000000-7f85abd90000 rwxp 00000000 00:00 0 
7f85abd90000-7f85b8000000 ---p 00000000 00:00 0 
7f85b8000000-7f85b93b6000 rw-p 00000000 00:00 0 
7f85b93b6000-7f85bc000000 ---p 00000000 00:00 0 
7f85bc000000-7f85bc001000 r--s 0000c000 08:03 5898601                    /home/tsagrista/.gradle/caches/modules-2/files-2.1/org.ow2.asm/asm/5.0.3/dcc2193db20e19e1feca8b1240dbbc4e190824fa/asm-5.0.3.jar
7f85bc001000-7f85bc003000 r--s 00002000 08:03 1193490                    /home/tsagrista/.gradle/caches/modules-2/files-2.1/com.badlogicgames.gdx/gdx-controllers-gwt/1.9.2/fa704424cff599709d1ed28d03cf04dd361d6479/gdx-controllers-gwt-1.9.2-sources.jar
7f85bc003000-7f85bc005000 r--s 00003000 08:03 1193489                    /home/tsagrista/.gradle/caches/modules-2/files-2.1/com.badlogicgames.gdx/gdx-controllers-gwt/1.9.2/e68235b6bfe75e3fc4db224ed68a8b8853290555/gdx-controllers-gwt-1.9.2.jar
7f85bc005000-7f85bc007000 r--s 00002000 08:03 5904747                    /home/tsagrista/.gradle/caches/modules-2/files-2.1/com.badlogicgames.gdx/gdx-controllers/1.9.2/d651e0d52443b1c1a943641eebc06482e29923bc/gdx-controllers-1.9.2.jar
7f85bc007000-7f85bc008000 r--s 00002000 08:03 5905988                    /home/tsagrista/.gradle/caches/modules-2/files-2.1/com.badlogicgames.gdx/gdx-controllers/1.9.2/e729f524826e9c852d058005f741b84fad2a2025/gdx-controllers-1.9.2-sources.jar
7f85bc008000-7f85bc010000 r--s 00058000 08:03 1059487                    /home/tsagrista/.gradle/caches/modules-2/files-2.1/com.badlogicgames.gdx/gdx-backend-gwt/1.9.2/e22c7ea8307d8fe16643b0d6582c93305b98d6a6/gdx-backend-gwt-1.9.2.jar
7f85bc010000-7f85bc012000 r--s 0000d000 08:03 5768299                    /home/tsagrista/git/gaiasky/core/lib/postprocessing-sources.jar
7f85bc012000-7f85bc0f8000 rw-p 00000000 00:00 0 
7f85bc0f8000-7f85bc0f9000 ---p 00000000 00:00 0 
7f85bc0f9000-7f85bc391000 rw-p 00000000 00:00 0                          [stack:4355]
7f85bc391000-7f85bc4a3000 ---p 00000000 00:00 0 
7f85bc4a3000-7f85bc5f9000 rw-p 00000000 00:00 0 
7f85bc5f9000-7f85bc6b1000 rw-p 00000000 00:00 0 
7f85bc6b1000-7f85bc9ba000 ---p 00000000 00:00 0 
7f85bc9ba000-7f85bc9d4000 r-xp 00000000 08:03 6167434                    /home/tsagrista/Programs/Java/jdk1.8.0_60/jre/lib/amd64/libzip.so
7f85bc9d4000-7f85bcbd4000 ---p 0001a000 08:03 6167434                    /home/tsagrista/Programs/Java/jdk1.8.0_60/jre/lib/amd64/libzip.so
7f85bcbd4000-7f85bcbd5000 rw-p 0001a000 08:03 6167434                    /home/tsagrista/Programs/Java/jdk1.8.0_60/jre/lib/amd64/libzip.so
7f85bcbd5000-7f85bcbe0000 r-xp 00000000 08:03 268911                     /usr/lib/libnss_files-2.23.so
7f85bcbe0000-7f85bcddf000 ---p 0000b000 08:03 268911                     /usr/lib/libnss_files-2.23.so
7f85bcddf000-7f85bcde0000 r--p 0000a000 08:03 268911                     /usr/lib/libnss_files-2.23.so
7f85bcde0000-7f85bcde1000 rw-p 0000b000 08:03 268911                     /usr/lib/libnss_files-2.23.so
7f85bcde1000-7f85bcde7000 rw-p 00000000 00:00 0 
7f85bcde7000-7f85bce11000 r-xp 00000000 08:03 6167414                    /home/tsagrista/Programs/Java/jdk1.8.0_60/jre/lib/amd64/libjava.so
7f85bce11000-7f85bd011000 ---p 0002a000 08:03 6167414                    /home/tsagrista/Programs/Java/jdk1.8.0_60/jre/lib/amd64/libjava.so
7f85bd011000-7f85bd013000 rw-p 0002a000 08:03 6167414                    /home/tsagrista/Programs/Java/jdk1.8.0_60/jre/lib/amd64/libjava.so
7f85bd013000-7f85bd020000 r-xp 00000000 08:03 6167428                    /home/tsagrista/Programs/Java/jdk1.8.0_60/jre/lib/amd64/libverify.so
7f85bd020000-7f85bd220000 ---p 0000d000 08:03 6167428                    /home/tsagrista/Programs/Java/jdk1.8.0_60/jre/lib/amd64/libverify.so
7f85bd220000-7f85bd222000 rw-p 0000d000 08:03 6167428                    /home/tsagrista/Programs/Java/jdk1.8.0_60/jre/lib/amd64/libverify.so
7f85bd222000-7f85bd229000 r-xp 00000000 08:03 268919                     /usr/lib/librt-2.23.so
7f85bd229000-7f85bd428000 ---p 00007000 08:03 268919                     /usr/lib/librt-2.23.so
7f85bd428000-7f85bd429000 r--p 00006000 08:03 268919                     /usr/lib/librt-2.23.so
7f85bd429000-7f85bd42a000 rw-p 00007000 08:03 268919                     /usr/lib/librt-2.23.so
7f85bd42a000-7f85bd52d000 r-xp 00000000 08:03 268916                     /usr/lib/libm-2.23.so
7f85bd52d000-7f85bd72d000 ---p 00103000 08:03 268916                     /usr/lib/libm-2.23.so
7f85bd72d000-7f85bd72e000 r--p 00103000 08:03 268916                     /usr/lib/libm-2.23.so
7f85bd72e000-7f85bd72f000 rw-p 00104000 08:03 268916                     /usr/lib/libm-2.23.so
7f85bd72f000-7f85be3ed000 r-xp 00000000 08:03 6426066                    /home/tsagrista/Programs/Java/jdk1.8.0_60/jre/lib/amd64/server/libjvm.so
7f85be3ed000-7f85be5ec000 ---p 00cbe000 08:03 6426066                    /home/tsagrista/Programs/Java/jdk1.8.0_60/jre/lib/amd64/server/libjvm.so
7f85be5ec000-7f85be6c4000 rw-p 00cbd000 08:03 6426066                    /home/tsagrista/Programs/Java/jdk1.8.0_60/jre/lib/amd64/server/libjvm.so
7f85be6c4000-7f85be709000 rw-p 00000000 00:00 0 
7f85be709000-7f85be8a1000 r-xp 00000000 08:03 267157                     /usr/lib/libc-2.23.so
7f85be8a1000-7f85beaa0000 ---p 00198000 08:03 267157                     /usr/lib/libc-2.23.so
7f85beaa0000-7f85beaa4000 r--p 00197000 08:03 267157                     /usr/lib/libc-2.23.so
7f85beaa4000-7f85beaa6000 rw-p 0019b000 08:03 267157                     /usr/lib/libc-2.23.so
7f85beaa6000-7f85beaaa000 rw-p 00000000 00:00 0 
7f85beaaa000-7f85beaac000 r-xp 00000000 08:03 268915                     /usr/lib/libdl-2.23.so
7f85beaac000-7f85becac000 ---p 00002000 08:03 268915                     /usr/lib/libdl-2.23.so
7f85becac000-7f85becad000 r--p 00002000 08:03 268915                     /usr/lib/libdl-2.23.so
7f85becad000-7f85becae000 rw-p 00003000 08:03 268915                     /usr/lib/libdl-2.23.so
7f85becae000-7f85becc3000 r-xp 00000000 08:03 6295740                    /home/tsagrista/Programs/Java/jdk1.8.0_60/lib/amd64/jli/libjli.so
7f85becc3000-7f85beec3000 ---p 00015000 08:03 6295740                    /home/tsagrista/Programs/Java/jdk1.8.0_60/lib/amd64/jli/libjli.so
7f85beec3000-7f85beec4000 rw-p 00015000 08:03 6295740                    /home/tsagrista/Programs/Java/jdk1.8.0_60/lib/amd64/jli/libjli.so
7f85beec4000-7f85beedc000 r-xp 00000000 08:03 266893                     /usr/lib/libpthread-2.23.so
7f85beedc000-7f85bf0db000 ---p 00018000 08:03 266893                     /usr/lib/libpthread-2.23.so
7f85bf0db000-7f85bf0dc000 r--p 00017000 08:03 266893                     /usr/lib/libpthread-2.23.so
7f85bf0dc000-7f85bf0dd000 rw-p 00018000 08:03 266893                     /usr/lib/libpthread-2.23.so
7f85bf0dd000-7f85bf0e1000 rw-p 00000000 00:00 0 
7f85bf0e1000-7f85bf104000 r-xp 00000000 08:03 267155                     /usr/lib/ld-2.23.so
7f85bf104000-7f85bf107000 r--s 00015000 08:03 5768300                    /home/tsagrista/git/gaiasky/core/lib/postprocessing.jar
7f85bf107000-7f85bf1f4000 rw-p 00000000 00:00 0 
7f85bf1f4000-7f85bf1fc000 rw-s 00000000 00:22 31                         /tmp/hsperfdata_tsagrista/4349
7f85bf1fc000-7f85bf1fd000 rw-p 00000000 00:00 0 
7f85bf1fd000-7f85bf1fe000 ---p 00000000 00:00 0 
7f85bf1fe000-7f85bf201000 ---p 00000000 00:00 0 
7f85bf201000-7f85bf304000 rw-p 00000000 00:00 0                          [stack:4351]
7f85bf304000-7f85bf305000 r--p 00023000 08:03 267155                     /usr/lib/ld-2.23.so
7f85bf305000-7f85bf306000 rw-p 00024000 08:03 267155                     /usr/lib/ld-2.23.so
7f85bf306000-7f85bf307000 rw-p 00000000 00:00 0 
7ffee2aed000-7ffee2b0f000 rw-p 00000000 00:00 0                          [stack]
7ffee2b85000-7ffee2b87000 r--p 00000000 00:00 0                          [vvar]
7ffee2b87000-7ffee2b89000 r-xp 00000000 00:00 0                          [vdso]
ffffffffff600000-ffffffffff601000 r-xp 00000000 00:00 0                  [vsyscall]

VM Arguments:
jvm_args: -Dgwt.persistentunitcachedir=/home/tsagrista/git/gaiasky/html/build/gwt/cache -Xms1G -Xmx2G -Dfile.encoding=UTF-8 -Duser.country=GB -Duser.language=en -Duser.variant 
java_command: com.google.gwt.dev.Compiler -logLevel WARN -war /home/tsagrista/git/gaiasky/html/build/gwt/out -extra /home/tsagrista/git/gaiasky/html/build/gwt/extra -workDir /home/tsagrista/git/gaiasky/html/build/gwt/work -gen /home/tsagrista/git/gaiasky/html/build/gwt/gen -localWorkers 4 -XdisableCastChecking -strict -XenableClosureCompiler gaia.cu9.ari.gaiaorbit.GdxDefinition
java_class_path (initial): /home/tsagrista/git/gaiasky/html/src:/home/tsagrista/git/gaiasky/core/lib/postprocessing.jar:/home/tsagrista/git/gaiasky/core/lib/postprocessing-sources.jar:/home/tsagrista/git/gaiasky/core/build/libs/core-1.0.jar:/home/tsagrista/.gradle/caches/modules-2/files-2.1/com.badlogicgames.gdx/gdx-backend-gwt/1.9.2/e22c7ea8307d8fe16643b0d6582c93305b98d6a6/gdx-backend-gwt-1.9.2.jar:/home/tsagrista/.gradle/caches/modules-2/files-2.1/com.badlogicgames.gdx/gdx-backend-gwt/1.9.2/16a698614e134d1071be093302c8537ff1dc8d65/gdx-backend-gwt-1.9.2-sources.jar:/home/tsagrista/.gradle/caches/modules-2/files-2.1/com.badlogicgames.gdx/gdx/1.9.2/b6c7422c6740f86a9a84fdcbc4c62a1f46db317d/gdx-1.9.2-sources.jar:/home/tsagrista/.gradle/caches/modules-2/files-2.1/com.badlogicgames.gdx/gdx/1.9.2/e641cb91bec06bc64d9ddf7a7d7062caceec73cd/gdx-1.9.2.jar:/home/tsagrista/.gradle/caches/modules-2/files-2.1/com.badlogicgames.gdx/gdx-controllers/1.9.2/e729f524826e9c852d058005f741b84fad2a2025/gdx-controllers-1.9.2-sources.jar:/home/tsagrista/.gradle/caches/modules-2/files-2.1/com.badlogicgames.gdx/gdx-controllers/1.9.2/d651e0d52443b1c1a943641eebc06482e29923bc/gdx-controllers-1.9.2.jar:/home/tsagrista/.gradle/caches/modules-2/files-2.1/com.badlogicgames.gdx/gdx-controllers-gwt/1.9.2/e68235b6bfe75e3fc4db224ed68a8b8853290555/gdx-controllers-gwt-1.9.2.jar:/home/tsagrista/.gradle/caches/modules-2/files-2.1/com.badlogicgames.gdx/gdx-controllers-gwt/1.9.2/fa704424cff599709d1ed28d03cf04dd361d6479/gdx-controllers-gwt-1.9.2-sources.jar:/home/tsagrista/.gradle/caches/modules-2/files-2.1/junit/junit/4.12/2973d150c0dc1fefe998f834810d68f278ea58ec/junit-4.12.jar:/home/tsagrista/.gradle/caches/modules-2/files-2.1/com.google.gwt/gwt-user/2.7.0/bdc7af42581745d3d79c2efe0b514f432b998a5b/gwt-user-2.7.0.jar:/home/tsagrista/.gradle/caches/modules-2/files-2.1/org.hamcrest/hamcrest-core/1.3/42a25dc3219429f0e5d060061f71acb49bf010a0/hamcrest-core-1.3.jar:/home/tsagrista/.gradle/caches/modules-2/files-2.1/
Launcher Type: SUN_STANDARD

Environment Variables:
JAVA_HOME=/home/tsagrista/Programs/Java/jdk1.8.0_60
JRE_HOME=/home/tsagrista/Programs/Java/jdk1.8.0_60/jre/
PATH=/opt/cuda/bin/:.:/home/tsagrista/Programs/Java/jdk1.8.0_60/bin:/home/tsagrista/Programs/Java/jdk1.8.0_60/jre//bin:/home/tsagrista/Programs/Gradle/gradle-2.6//bin/:/home/tsagrista/Programs/Topcat:/home/tsagrista/Programs/Libraries/fbx-conv:/home/tsagrista/Programs/ffmpeg-64:/home/tsagrista/Programs/PythonTidy:/home/tsagrista/bin:/usr/local/sbin:/usr/local/bin:/usr/bin:/opt/cuda/bin:/usr/lib/jvm/default/bin:/usr/bin/site_perl:/usr/bin/vendor_perl:/usr/bin/core_perl
LD_LIBRARY_PATH=/usr/lib/nvidia::/usr/lib64:/usr/lib32:/usr/lib
SHELL=/bin/bash
DISPLAY=:0.0
OS=/home/tsagrista/Workspaces/objectserver

Signal Handlers:
SIGSEGV: [libjvm.so+0xaba070], sa_mask[0]=11111111011111111101111111111110, sa_flags=SA_RESTART|SA_SIGINFO
SIGBUS: [libjvm.so+0xaba070], sa_mask[0]=11111111011111111101111111111110, sa_flags=SA_RESTART|SA_SIGINFO
SIGFPE: [libjvm.so+0x917630], sa_mask[0]=11111111011111111101111111111110, sa_flags=SA_RESTART|SA_SIGINFO
SIGPIPE: [libjvm.so+0x917630], sa_mask[0]=11111111011111111101111111111110, sa_flags=SA_RESTART|SA_SIGINFO
SIGXFSZ: [libjvm.so+0x917630], sa_mask[0]=11111111011111111101111111111110, sa_flags=SA_RESTART|SA_SIGINFO
SIGILL: [libjvm.so+0x917630], sa_mask[0]=11111111011111111101111111111110, sa_flags=SA_RESTART|SA_SIGINFO
SIGUSR1: SIG_DFL, sa_mask[0]=00000000000000000000000000000000, sa_flags=none
SIGUSR2: [libjvm.so+0x918c60], sa_mask[0]=00100000000000000000000000000000, sa_flags=SA_RESTART|SA_SIGINFO
SIGHUP: [libjvm.so+0x91a060], sa_mask[0]=11111111011111111101111111111110, sa_flags=SA_RESTART|SA_SIGINFO
SIGINT: [libjvm.so+0x91a060], sa_mask[0]=11111111011111111101111111111110, sa_flags=SA_RESTART|SA_SIGINFO
SIGTERM: [libjvm.so+0x91a060], sa_mask[0]=11111111011111111101111111111110, sa_flags=SA_RESTART|SA_SIGINFO
SIGQUIT: [libjvm.so+0x91a060], sa_mask[0]=11111111011111111101111111111110, sa_flags=SA_RESTART|SA_SIGINFO


---------------  S Y S T E M  ---------------

OS:DISTRIB_ID=ManjaroLinux
DISTRIB_RELEASE=15.12
DISTRIB_CODENAME=Capella
DISTRIB_DESCRIPTION="Manjaro Linux"

uname:Linux 4.4.6-1-MANJARO #1 SMP PREEMPT Sat Mar 19 06:00:37 CET 2016 x86_64
libc:glibc 2.23 NPTL 2.23 
rlimit: STACK 8192k, CORE infinity, NPROC 31468, NOFILE 4096, AS infinity
load average:4.60 5.23 4.33

/proc/meminfo:
MemTotal:        8062968 kB
MemFree:           53480 kB
MemAvailable:     105904 kB
Buffers:             816 kB
Cached:           398648 kB
SwapCached:            0 kB
Active:          7717296 kB
Inactive:          49568 kB
Active(anon):    7683668 kB
Inactive(anon):    19752 kB
Active(file):      33628 kB
Inactive(file):    29816 kB
Unevictable:           0 kB
Mlocked:               0 kB
SwapTotal:             0 kB
SwapFree:              0 kB
Dirty:               948 kB
Writeback:             0 kB
AnonPages:       7367600 kB
Mapped:           102464 kB
Shmem:            335668 kB
Slab:              63096 kB
SReclaimable:      31244 kB
SUnreclaim:        31852 kB
KernelStack:        8448 kB
PageTables:        41372 kB
NFS_Unstable:          0 kB
Bounce:                0 kB
WritebackTmp:          0 kB
CommitLimit:     4031484 kB
Committed_AS:   11643016 kB
VmallocTotal:   34359738367 kB
VmallocUsed:           0 kB
VmallocChunk:          0 kB
HardwareCorrupted:     0 kB
AnonHugePages:   3524608 kB
HugePages_Total:       0
HugePages_Free:        0
HugePages_Rsvd:        0
HugePages_Surp:        0
Hugepagesize:       2048 kB
DirectMap4k:      279848 kB
DirectMap2M:     6942720 kB
DirectMap1G:     1048576 kB


CPU:total 4 (4 cores per cpu, 1 threads per core) family 6 model 60 stepping 3, cmov, cx8, fxsr, mmx, sse, sse2, sse3, ssse3, sse4.1, sse4.2, popcnt, avx, avx2, aes, clmul, erms, lzcnt, tsc, tscinvbit, bmi1, bmi2

/proc/cpuinfo:
processor	: 0
vendor_id	: GenuineIntel
cpu family	: 6
model		: 60
model name	: Intel(R) Core(TM) i5-4460  CPU @ 3.20GHz
stepping	: 3
microcode	: 0x1e
cpu MHz		: 3209.250
cache size	: 6144 KB
physical id	: 0
siblings	: 4
core id		: 0
cpu cores	: 4
apicid		: 0
initial apicid	: 0
fpu		: yes
fpu_exception	: yes
cpuid level	: 13
wp		: yes
flags		: fpu vme de pse tsc msr pae mce cx8 apic sep mtrr pge mca cmov pat pse36 clflush dts acpi mmx fxsr sse sse2 ss ht tm pbe syscall nx pdpe1gb rdtscp lm constant_tsc arch_perfmon pebs bts rep_good nopl xtopology nonstop_tsc aperfmperf eagerfpu pni pclmulqdq dtes64 monitor ds_cpl vmx est tm2 ssse3 sdbg fma cx16 xtpr pdcm pcid sse4_1 sse4_2 x2apic movbe popcnt tsc_deadline_timer aes xsave avx f16c rdrand lahf_lm abm ida arat pln pts dtherm tpr_shadow vnmi flexpriority ept vpid fsgsbase tsc_adjust bmi1 avx2 smep bmi2 erms invpcid xsaveopt
bugs		:
bogomips	: 6402.84
clflush size	: 64
cache_alignment	: 64
address sizes	: 39 bits physical, 48 bits virtual
power management:

processor	: 1
vendor_id	: GenuineIntel
cpu family	: 6
model		: 60
model name	: Intel(R) Core(TM) i5-4460  CPU @ 3.20GHz
stepping	: 3
microcode	: 0x1e
cpu MHz		: 3219.500
cache size	: 6144 KB
physical id	: 0
siblings	: 4
core id		: 1
cpu cores	: 4
apicid		: 2
initial apicid	: 2
fpu		: yes
fpu_exception	: yes
cpuid level	: 13
wp		: yes
flags		: fpu vme de pse tsc msr pae mce cx8 apic sep mtrr pge mca cmov pat pse36 clflush dts acpi mmx fxsr sse sse2 ss ht tm pbe syscall nx pdpe1gb rdtscp lm constant_tsc arch_perfmon pebs bts rep_good nopl xtopology nonstop_tsc aperfmperf eagerfpu pni pclmulqdq dtes64 monitor ds_cpl vmx est tm2 ssse3 sdbg fma cx16 xtpr pdcm pcid sse4_1 sse4_2 x2apic movbe popcnt tsc_deadline_timer aes xsave avx f16c rdrand lahf_lm abm ida arat pln pts dtherm tpr_shadow vnmi flexpriority ept vpid fsgsbase tsc_adjust bmi1 avx2 smep bmi2 erms invpcid xsaveopt
bugs		:
bogomips	: 6402.84
clflush size	: 64
cache_alignment	: 64
address sizes	: 39 bits physical, 48 bits virtual
power management:

processor	: 2
vendor_id	: GenuineIntel
cpu family	: 6
model		: 60
model name	: Intel(R) Core(TM) i5-4460  CPU @ 3.20GHz
stepping	: 3
microcode	: 0x1e
cpu MHz		: 3200.000
cache size	: 6144 KB
physical id	: 0
siblings	: 4
core id		: 2
cpu cores	: 4
apicid		: 4
initial apicid	: 4
fpu		: yes
fpu_exception	: yes
cpuid level	: 13
wp		: yes
flags		: fpu vme de pse tsc msr pae mce cx8 apic sep mtrr pge mca cmov pat pse36 clflush dts acpi mmx fxsr sse sse2 ss ht tm pbe syscall nx pdpe1gb rdtscp lm constant_tsc arch_perfmon pebs bts rep_good nopl xtopology nonstop_tsc aperfmperf eagerfpu pni pclmulqdq dtes64 monitor ds_cpl vmx est tm2 ssse3 sdbg fma cx16 xtpr pdcm pcid sse4_1 sse4_2 x2apic movbe popcnt tsc_deadline_timer aes xsave avx f16c rdrand lahf_lm abm ida arat pln pts dtherm tpr_shadow vnmi flexpriority ept vpid fsgsbase tsc_adjust bmi1 avx2 smep bmi2 erms invpcid xsaveopt
bugs		:
bogomips	: 6402.84
clflush size	: 64
cache_alignment	: 64
address sizes	: 39 bits physical, 48 bits virtual
power management:

processor	: 3
vendor_id	: GenuineIntel
cpu family	: 6
model		: 60
model name	: Intel(R) Core(TM) i5-4460  CPU @ 3.20GHz
stepping	: 3
microcode	: 0x1e
cpu MHz		: 3219.500
cache size	: 6144 KB
physical id	: 0
siblings	: 4
core id		: 3
cpu cores	: 4
apicid		: 6
initial apicid	: 6
fpu		: yes
fpu_exception	: yes
cpuid level	: 13
wp		: yes
flags		: fpu vme de pse tsc msr pae mce cx8 apic sep mtrr pge mca cmov pat pse36 clflush dts acpi mmx fxsr sse sse2 ss ht tm pbe syscall nx pdpe1gb rdtscp lm constant_tsc arch_perfmon pebs bts rep_good nopl xtopology nonstop_tsc aperfmperf eagerfpu pni pclmulqdq dtes64 monitor ds_cpl vmx est tm2 ssse3 sdbg fma cx16 xtpr pdcm pcid sse4_1 sse4_2 x2apic movbe popcnt tsc_deadline_timer aes xsave avx f16c rdrand lahf_lm abm ida arat pln pts dtherm tpr_shadow vnmi flexpriority ept vpid fsgsbase tsc_adjust bmi1 avx2 smep bmi2 erms invpcid xsaveopt
bugs		:
bogomips	: 6402.84
clflush size	: 64
cache_alignment	: 64
address sizes	: 39 bits physical, 48 bits virtual
power management:



Memory: 4k page, physical 8062968k(53480k free), swap 0k(0k free)

vm_info: Java HotSpot(TM) 64-Bit Server VM (25.60-b23) for linux-amd64 JRE (1.8.0_60-b27), built on Aug  4 2015 12:19:40 by "java_re" with gcc 4.3.0 20080428 (Red Hat 4.3.0-8)

time: Sat Apr 23 07:57:19 2016
elapsed time: 519 seconds (0d 0h 8m 39s)

